<?xml version="1.0" encoding="UTF-8"?>
<!-- Generated by org.testng.reporters.JUnitReportReporter -->
<testsuite hostname="DESKTOP-67L8E2C" failures="0" tests="1" name="com.HrmManagement.TestCases.TC_TestCaseLogin_001" time="18.607" errors="0" timestamp="2024-11-08T15:35:03 IST" skipped="0">
  <testcase classname="com.HrmManagement.TestCases.TC_TestCaseLogin_001" name="loginTest" time="18.607"/>
  <system-out/>
</testsuite> <!-- com.HrmManagement.TestCases.TC_TestCaseLogin_001 -->
