<?xml version="1.0" encoding="UTF-8"?>
<!-- Generated by org.testng.reporters.JUnitReportReporter -->
<testsuite hostname="DESKTOP-67L8E2C" failures="0" tests="1" name="com.HrmManagement.TestCases.TC_TestCaseRegister_001" time="16.710" errors="0" timestamp="2024-11-12T12:22:22 IST" skipped="0">
  <testcase classname="com.HrmManagement.TestCases.TC_TestCaseRegister_001" name="registerTest" time="16.710"/>
</testsuite> <!-- com.HrmManagement.TestCases.TC_TestCaseRegister_001 -->
